<?xml version="1.0" encoding="UTF-8"?>
<testng-results ignored="0" total="1" passed="1" failed="0" skipped="0">
  <reporter-output>
  </reporter-output>
  <suite started-at="2023-06-07T12:42:47 GMT-07:00" name="Practise" finished-at="2023-06-07T12:43:51 GMT-07:00" duration-ms="64032">
    <groups>
    </groups>
    <test started-at="2023-06-07T12:42:47 GMT-07:00" name="Testing Practise" finished-at="2023-06-07T12:43:51 GMT-07:00" duration-ms="64032">
      <class name="com.Practise.testCases.TC_NewCustomer_002">
        <test-method is-config="true" signature="setup()[pri:0, instance:com.Practise.testCases.TC_NewCustomer_002@21282ed8]" started-at="2023-06-07T12:42:47 GMT-07:00" name="setup" finished-at="2023-06-07T12:42:59 GMT-07:00" duration-ms="12416" status="PASS">
          <reporter-output>
          </reporter-output>
        </test-method> <!-- setup -->
        <test-method signature="NewCutomer_Test()[pri:0, instance:com.Practise.testCases.TC_NewCustomer_002@21282ed8]" started-at="2023-06-07T12:42:59 GMT-07:00" name="NewCutomer_Test" finished-at="2023-06-07T12:43:51 GMT-07:00" duration-ms="51357" status="PASS">
          <reporter-output>
          </reporter-output>
        </test-method> <!-- NewCutomer_Test -->
        <test-method is-config="true" signature="tearDow()[pri:0, instance:com.Practise.testCases.TC_NewCustomer_002@21282ed8]" started-at="2023-06-07T12:43:51 GMT-07:00" name="tearDow" finished-at="2023-06-07T12:43:51 GMT-07:00" duration-ms="169" status="PASS">
          <reporter-output>
          </reporter-output>
        </test-method> <!-- tearDow -->
      </class> <!-- com.Practise.testCases.TC_NewCustomer_002 -->
    </test> <!-- Testing Practise -->
  </suite> <!-- Practise -->
</testng-results>
